2018-05-28 14:23:24.264 1940 [restartedMain] INFO o.s.c.a.AnnotationConfigApplicationContext - Refreshing org.springframework.context.annotation.AnnotationConfigApplicationContext@e2f3799: startup date [Mon May 28 14:23:24 CST 2018]; root of context hierarchy
2018-05-28 14:23:24.303 1979 [background-preinit] INFO o.h.validator.internal.util.Version - HV000001: Hibernate Validator 5.3.6.Final
2018-05-28 14:23:24.570 2246 [restartedMain] INFO o.s.b.f.a.AutowiredAnnotationBeanPostProcessor - JSR-330 'javax.inject.Inject' annotation found and supported for autowiring
2018-05-28 14:23:24.625 2301 [restartedMain] INFO o.s.c.s.PostProcessorRegistrationDelegate$BeanPostProcessorChecker - Bean 'configurationPropertiesRebinderAutoConfiguration' of type [org.springframework.cloud.autoconfigure.ConfigurationPropertiesRebinderAutoConfiguration$$EnhancerBySpringCGLIB$$2dfbf3fc] is not eligible for getting processed by all BeanPostProcessors (for example: not eligible for auto-proxying)
2018-05-28 14:23:25.235 2911 [restartedMain] INFO c.c.s.SharinglifeApplication - The following profiles are active: dev
2018-05-28 14:23:25.247 2923 [restartedMain] INFO o.s.b.c.e.AnnotationConfigEmbeddedWebApplicationContext - Refreshing org.springframework.boot.context.embedded.AnnotationConfigEmbeddedWebApplicationContext@3f3c2465: startup date [Mon May 28 14:23:25 CST 2018]; parent: org.springframework.context.annotation.AnnotationConfigApplicationContext@e2f3799
2018-05-28 14:23:26.995 4671 [restartedMain] INFO o.s.d.r.c.RepositoryConfigurationDelegate - Multiple Spring Data modules found, entering strict repository configuration mode!
2018-05-28 14:23:27.043 4719 [restartedMain] INFO o.s.d.r.c.RepositoryConfigurationDelegate - Multiple Spring Data modules found, entering strict repository configuration mode!
2018-05-28 14:23:27.087 4763 [restartedMain] INFO o.s.d.r.c.RepositoryConfigurationDelegate - Multiple Spring Data modules found, entering strict repository configuration mode!
2018-05-28 14:23:27.596 5272 [restartedMain] INFO o.s.c.context.scope.GenericScope - BeanFactory id=a806e950-c435-33f9-a273-fdf6421a31ed
2018-05-28 14:23:27.658 5334 [restartedMain] INFO o.s.b.f.a.AutowiredAnnotationBeanPostProcessor - JSR-330 'javax.inject.Inject' annotation found and supported for autowiring
2018-05-28 14:23:27.723 5399 [restartedMain] INFO o.s.c.s.PostProcessorRegistrationDelegate$BeanPostProcessorChecker - Bean 'threadPoolConfig' of type [cn.com.sharinglife.config.ThreadPoolConfig$$EnhancerBySpringCGLIB$$36a9b12] is not eligible for getting processed by all BeanPostProcessors (for example: not eligible for auto-proxying)
2018-05-28 14:23:27.855 5531 [restartedMain] INFO o.s.c.s.PostProcessorRegistrationDelegate$BeanPostProcessorChecker - Bean 'org.springframework.kafka.annotation.KafkaBootstrapConfiguration' of type [org.springframework.kafka.annotation.KafkaBootstrapConfiguration$$EnhancerBySpringCGLIB$$e5940282] is not eligible for getting processed by all BeanPostProcessors (for example: not eligible for auto-proxying)
2018-05-28 14:23:27.979 5655 [restartedMain] INFO o.s.c.s.PostProcessorRegistrationDelegate$BeanPostProcessorChecker - Bean 'org.springframework.transaction.annotation.ProxyTransactionManagementConfiguration' of type [org.springframework.transaction.annotation.ProxyTransactionManagementConfiguration$$EnhancerBySpringCGLIB$$11e1f0ff] is not eligible for getting processed by all BeanPostProcessors (for example: not eligible for auto-proxying)
2018-05-28 14:23:28.215 5891 [restartedMain] INFO o.s.c.s.PostProcessorRegistrationDelegate$BeanPostProcessorChecker - Bean 'org.springframework.cache.annotation.ProxyCachingConfiguration' of type [org.springframework.cache.annotation.ProxyCachingConfiguration$$EnhancerBySpringCGLIB$$5af4271d] is not eligible for getting processed by all BeanPostProcessors (for example: not eligible for auto-proxying)
2018-05-28 14:23:28.294 5970 [restartedMain] INFO o.s.c.s.PostProcessorRegistrationDelegate$BeanPostProcessorChecker - Bean 'org.springframework.cloud.netflix.metrics.MetricsInterceptorConfiguration$MetricsRestTemplateConfiguration' of type [org.springframework.cloud.netflix.metrics.MetricsInterceptorConfiguration$MetricsRestTemplateConfiguration$$EnhancerBySpringCGLIB$$440e9740] is not eligible for getting processed by all BeanPostProcessors (for example: not eligible for auto-proxying)
2018-05-28 14:23:28.313 5989 [restartedMain] INFO o.s.c.s.PostProcessorRegistrationDelegate$BeanPostProcessorChecker - Bean 'org.springframework.cloud.autoconfigure.ConfigurationPropertiesRebinderAutoConfiguration' of type [org.springframework.cloud.autoconfigure.ConfigurationPropertiesRebinderAutoConfiguration$$EnhancerBySpringCGLIB$$2dfbf3fc] is not eligible for getting processed by all BeanPostProcessors (for example: not eligible for auto-proxying)
2018-05-28 14:23:29.071 6747 [restartedMain] INFO o.s.b.c.e.t.TomcatEmbeddedServletContainer - Tomcat initialized with port(s): 8031 (http)
2018-05-28 14:23:29.081 6757 [restartedMain] INFO o.a.catalina.core.StandardService - Starting service [Tomcat]
2018-05-28 14:23:29.082 6758 [restartedMain] INFO o.a.catalina.core.StandardEngine - Starting Servlet Engine: Apache Tomcat/8.5.27
2018-05-28 14:23:29.252 6928 [localhost-startStop-1] INFO o.a.c.c.C.[Tomcat].[localhost].[/] - Initializing Spring embedded WebApplicationContext
2018-05-28 14:23:29.252 6928 [localhost-startStop-1] INFO o.s.web.context.ContextLoader - Root WebApplicationContext: initialization completed in 4005 ms
2018-05-28 14:23:29.699 7375 [localhost-startStop-1] INFO o.s.b.w.s.ServletRegistrationBean - Mapping servlet: 'proxyStreamServlet' to [/proxy.stream]
2018-05-28 14:23:29.701 7377 [localhost-startStop-1] INFO o.s.b.w.s.ServletRegistrationBean - Mapping servlet: 'dispatcherServlet' to [/]
2018-05-28 14:23:29.701 7377 [localhost-startStop-1] INFO o.s.b.w.s.ServletRegistrationBean - Mapping servlet: 'statViewServlet' to [/druid/*]
2018-05-28 14:23:29.707 7383 [localhost-startStop-1] INFO o.s.b.w.s.FilterRegistrationBean - Mapping filter: 'metricsFilter' to: [/*]
2018-05-28 14:23:29.708 7384 [localhost-startStop-1] INFO o.s.b.w.s.FilterRegistrationBean - Mapping filter: 'characterEncodingFilter' to: [/*]
2018-05-28 14:23:29.708 7384 [localhost-startStop-1] INFO o.s.b.w.s.FilterRegistrationBean - Mapping filter: 'hiddenHttpMethodFilter' to: [/*]
2018-05-28 14:23:29.708 7384 [localhost-startStop-1] INFO o.s.b.w.s.FilterRegistrationBean - Mapping filter: 'httpPutFormContentFilter' to: [/*]
2018-05-28 14:23:29.708 7384 [localhost-startStop-1] INFO o.s.b.w.s.FilterRegistrationBean - Mapping filter: 'requestContextFilter' to: [/*]
2018-05-28 14:23:29.708 7384 [localhost-startStop-1] INFO o.s.b.w.s.FilterRegistrationBean - Mapping filter: 'webRequestLoggingFilter' to: [/*]
2018-05-28 14:23:29.708 7384 [localhost-startStop-1] INFO o.s.b.w.s.FilterRegistrationBean - Mapping filter: 'webStatFilter' to urls: [/*]
2018-05-28 14:23:29.708 7384 [localhost-startStop-1] INFO o.s.b.w.s.FilterRegistrationBean - Mapping filter: 'corsFilter' to: [/*]
2018-05-28 14:23:29.708 7384 [localhost-startStop-1] INFO o.s.b.w.s.FilterRegistrationBean - Mapping filter: 'applicationContextIdFilter' to: [/*]
2018-05-28 14:24:15.675 1742 [restartedMain] INFO o.s.c.a.AnnotationConfigApplicationContext - Refreshing org.springframework.context.annotation.AnnotationConfigApplicationContext@4ed258ad: startup date [Mon May 28 14:24:15 CST 2018]; root of context hierarchy
2018-05-28 14:24:15.735 1802 [background-preinit] INFO o.h.validator.internal.util.Version - HV000001: Hibernate Validator 5.3.6.Final
2018-05-28 14:24:16.042 2109 [restartedMain] INFO o.s.b.f.a.AutowiredAnnotationBeanPostProcessor - JSR-330 'javax.inject.Inject' annotation found and supported for autowiring
2018-05-28 14:24:16.118 2185 [restartedMain] INFO o.s.c.s.PostProcessorRegistrationDelegate$BeanPostProcessorChecker - Bean 'configurationPropertiesRebinderAutoConfiguration' of type [org.springframework.cloud.autoconfigure.ConfigurationPropertiesRebinderAutoConfiguration$$EnhancerBySpringCGLIB$$d0a7a97a] is not eligible for getting processed by all BeanPostProcessors (for example: not eligible for auto-proxying)
2018-05-28 14:24:16.809 2876 [restartedMain] INFO c.c.s.SharinglifeApplication - The following profiles are active: dev
2018-05-28 14:24:16.826 2893 [restartedMain] INFO o.s.b.c.e.AnnotationConfigEmbeddedWebApplicationContext - Refreshing org.springframework.boot.context.embedded.AnnotationConfigEmbeddedWebApplicationContext@dda0614: startup date [Mon May 28 14:24:16 CST 2018]; parent: org.springframework.context.annotation.AnnotationConfigApplicationContext@4ed258ad
2018-05-28 14:24:18.750 4817 [restartedMain] INFO o.s.d.r.c.RepositoryConfigurationDelegate - Multiple Spring Data modules found, entering strict repository configuration mode!
2018-05-28 14:24:18.815 4882 [restartedMain] INFO o.s.d.r.c.RepositoryConfigurationDelegate - Multiple Spring Data modules found, entering strict repository configuration mode!
2018-05-28 14:24:18.871 4938 [restartedMain] INFO o.s.d.r.c.RepositoryConfigurationDelegate - Multiple Spring Data modules found, entering strict repository configuration mode!
2018-05-28 14:24:19.364 5431 [restartedMain] INFO o.s.c.context.scope.GenericScope - BeanFactory id=a806e950-c435-33f9-a273-fdf6421a31ed
2018-05-28 14:24:19.398 5465 [restartedMain] INFO o.s.b.f.a.AutowiredAnnotationBeanPostProcessor - JSR-330 'javax.inject.Inject' annotation found and supported for autowiring
2018-05-28 14:24:19.452 5519 [restartedMain] INFO o.s.c.s.PostProcessorRegistrationDelegate$BeanPostProcessorChecker - Bean 'threadPoolConfig' of type [cn.com.sharinglife.config.ThreadPoolConfig$$EnhancerBySpringCGLIB$$a6165090] is not eligible for getting processed by all BeanPostProcessors (for example: not eligible for auto-proxying)
2018-05-28 14:24:19.550 5617 [restartedMain] INFO o.s.c.s.PostProcessorRegistrationDelegate$BeanPostProcessorChecker - Bean 'org.springframework.kafka.annotation.KafkaBootstrapConfiguration' of type [org.springframework.kafka.annotation.KafkaBootstrapConfiguration$$EnhancerBySpringCGLIB$$883fb800] is not eligible for getting processed by all BeanPostProcessors (for example: not eligible for auto-proxying)
2018-05-28 14:24:19.654 5721 [restartedMain] INFO o.s.c.s.PostProcessorRegistrationDelegate$BeanPostProcessorChecker - Bean 'org.springframework.transaction.annotation.ProxyTransactionManagementConfiguration' of type [org.springframework.transaction.annotation.ProxyTransactionManagementConfiguration$$EnhancerBySpringCGLIB$$b48da67d] is not eligible for getting processed by all BeanPostProcessors (for example: not eligible for auto-proxying)
2018-05-28 14:24:19.873 5940 [restartedMain] INFO o.s.c.s.PostProcessorRegistrationDelegate$BeanPostProcessorChecker - Bean 'org.springframework.cache.annotation.ProxyCachingConfiguration' of type [org.springframework.cache.annotation.ProxyCachingConfiguration$$EnhancerBySpringCGLIB$$fd9fdc9b] is not eligible for getting processed by all BeanPostProcessors (for example: not eligible for auto-proxying)
2018-05-28 14:24:19.952 6019 [restartedMain] INFO o.s.c.s.PostProcessorRegistrationDelegate$BeanPostProcessorChecker - Bean 'org.springframework.cloud.netflix.metrics.MetricsInterceptorConfiguration$MetricsRestTemplateConfiguration' of type [org.springframework.cloud.netflix.metrics.MetricsInterceptorConfiguration$MetricsRestTemplateConfiguration$$EnhancerBySpringCGLIB$$e6ba4cbe] is not eligible for getting processed by all BeanPostProcessors (for example: not eligible for auto-proxying)
2018-05-28 14:24:19.978 6045 [restartedMain] INFO o.s.c.s.PostProcessorRegistrationDelegate$BeanPostProcessorChecker - Bean 'org.springframework.cloud.autoconfigure.ConfigurationPropertiesRebinderAutoConfiguration' of type [org.springframework.cloud.autoconfigure.ConfigurationPropertiesRebinderAutoConfiguration$$EnhancerBySpringCGLIB$$d0a7a97a] is not eligible for getting processed by all BeanPostProcessors (for example: not eligible for auto-proxying)
2018-05-28 14:24:20.656 6723 [restartedMain] INFO o.s.b.c.e.t.TomcatEmbeddedServletContainer - Tomcat initialized with port(s): 8031 (http)
2018-05-28 14:24:20.667 6734 [restartedMain] INFO o.a.catalina.core.StandardService - Starting service [Tomcat]
2018-05-28 14:24:20.668 6735 [restartedMain] INFO o.a.catalina.core.StandardEngine - Starting Servlet Engine: Apache Tomcat/8.5.27
2018-05-28 14:24:20.842 6909 [localhost-startStop-1] INFO o.a.c.c.C.[Tomcat].[localhost].[/] - Initializing Spring embedded WebApplicationContext
2018-05-28 14:24:20.842 6909 [localhost-startStop-1] INFO o.s.web.context.ContextLoader - Root WebApplicationContext: initialization completed in 4016 ms
2018-05-28 14:24:21.433 7500 [localhost-startStop-1] INFO o.s.b.w.s.ServletRegistrationBean - Mapping servlet: 'proxyStreamServlet' to [/proxy.stream]
2018-05-28 14:24:21.434 7501 [localhost-startStop-1] INFO o.s.b.w.s.ServletRegistrationBean - Mapping servlet: 'dispatcherServlet' to [/]
2018-05-28 14:24:21.435 7502 [localhost-startStop-1] INFO o.s.b.w.s.ServletRegistrationBean - Mapping servlet: 'statViewServlet' to [/druid/*]
2018-05-28 14:24:21.440 7507 [localhost-startStop-1] INFO o.s.b.w.s.FilterRegistrationBean - Mapping filter: 'metricsFilter' to: [/*]
2018-05-28 14:24:21.440 7507 [localhost-startStop-1] INFO o.s.b.w.s.FilterRegistrationBean - Mapping filter: 'characterEncodingFilter' to: [/*]
2018-05-28 14:24:21.440 7507 [localhost-startStop-1] INFO o.s.b.w.s.FilterRegistrationBean - Mapping filter: 'hiddenHttpMethodFilter' to: [/*]
2018-05-28 14:24:21.441 7508 [localhost-startStop-1] INFO o.s.b.w.s.FilterRegistrationBean - Mapping filter: 'httpPutFormContentFilter' to: [/*]
2018-05-28 14:24:21.441 7508 [localhost-startStop-1] INFO o.s.b.w.s.FilterRegistrationBean - Mapping filter: 'requestContextFilter' to: [/*]
2018-05-28 14:24:21.441 7508 [localhost-startStop-1] INFO o.s.b.w.s.FilterRegistrationBean - Mapping filter: 'webRequestLoggingFilter' to: [/*]
2018-05-28 14:24:21.441 7508 [localhost-startStop-1] INFO o.s.b.w.s.FilterRegistrationBean - Mapping filter: 'webStatFilter' to urls: [/*]
2018-05-28 14:24:21.441 7508 [localhost-startStop-1] INFO o.s.b.w.s.FilterRegistrationBean - Mapping filter: 'corsFilter' to: [/*]
2018-05-28 14:24:21.441 7508 [localhost-startStop-1] INFO o.s.b.w.s.FilterRegistrationBean - Mapping filter: 'applicationContextIdFilter' to: [/*]
2018-05-28 14:24:22.364 8431 [restartedMain] INFO o.s.o.j.LocalContainerEntityManagerFactoryBean - Building JPA container EntityManagerFactory for persistence unit 'default'
2018-05-28 14:24:22.379 8446 [restartedMain] INFO o.h.jpa.internal.util.LogHelper - HHH000204: Processing PersistenceUnitInfo [
	name: default
	...]
2018-05-28 14:24:22.488 8555 [restartedMain] INFO org.hibernate.Version - HHH000412: Hibernate Core {5.0.12.Final}
2018-05-28 14:24:22.491 8558 [restartedMain] INFO org.hibernate.cfg.Environment - HHH000206: hibernate.properties not found
2018-05-28 14:24:22.492 8559 [restartedMain] INFO org.hibernate.cfg.Environment - HHH000021: Bytecode provider name : javassist
2018-05-28 14:24:22.561 8628 [restartedMain] INFO o.h.annotations.common.Version - HCANN000001: Hibernate Commons Annotations {5.0.1.Final}
2018-05-28 14:24:22.808 8875 [restartedMain] INFO org.hibernate.dialect.Dialect - HHH000400: Using dialect: org.hibernate.dialect.MySQL5Dialect
2018-05-28 14:24:23.185 9252 [restartedMain] INFO o.s.o.j.LocalContainerEntityManagerFactoryBean - Initialized JPA EntityManagerFactory for persistence unit 'default'
2018-05-28 14:24:26.064 12131 [restartedMain] INFO o.s.c.a.AnnotationConfigApplicationContext - Refreshing org.springframework.context.annotation.AnnotationConfigApplicationContext@1291f0c7: startup date [Mon May 28 14:24:26 CST 2018]; parent: org.springframework.boot.context.embedded.AnnotationConfigEmbeddedWebApplicationContext@dda0614
2018-05-28 14:24:26.106 12173 [restartedMain] INFO o.s.b.f.a.AutowiredAnnotationBeanPostProcessor - JSR-330 'javax.inject.Inject' annotation found and supported for autowiring
2018-05-28 14:24:27.588 13655 [restartedMain] INFO o.s.w.s.m.m.a.RequestMappingHandlerMapping - Mapped "{[/sl/api/comment/add],methods=[POST]}" onto public boolean cn.com.sharinglife.controller.CommentController.addComment(cn.com.sharinglife.pojo.Comment)
2018-05-28 14:24:27.589 13656 [restartedMain] INFO o.s.w.s.m.m.a.RequestMappingHandlerMapping - Mapped "{[/sl/api/comment/delete],methods=[GET]}" onto public boolean cn.com.sharinglife.controller.CommentController.deleteComment(java.lang.Integer,java.lang.Integer,java.lang.Integer)
2018-05-28 14:24:27.592 13659 [restartedMain] INFO o.s.w.s.m.m.a.RequestMappingHandlerMapping - Mapped "{[/sl/api/article/getpublishbyid/{articleId}],methods=[GET]}" onto public cn.com.sharinglife.pojo.vo.ArticleVo cn.com.sharinglife.controller.liferecord.ArticleController.getPublishArticleById(javax.servlet.http.HttpSession,java.lang.Integer)
2018-05-28 14:24:27.592 13659 [restartedMain] INFO o.s.w.s.m.m.a.RequestMappingHandlerMapping - Mapped "{[/sl/api/article/deletebyids],methods=[POST]}" onto public boolean cn.com.sharinglife.controller.liferecord.ArticleController.deleteArticleByIds(java.util.List<java.lang.Integer>)
2018-05-28 14:24:27.592 13659 [restartedMain] INFO o.s.w.s.m.m.a.RequestMappingHandlerMapping - Mapped "{[/sl/api/article/addpicture],methods=[POST]}" onto public cn.com.sharinglife.pojo.responsedata.CommonResponse<java.lang.String> cn.com.sharinglife.controller.liferecord.ArticleController.addArticlePicture(javax.servlet.http.HttpServletRequest,java.lang.Integer)
2018-05-28 14:24:27.592 13659 [restartedMain] INFO o.s.w.s.m.m.a.RequestMappingHandlerMapping - Mapped "{[/sl/api/article/recoverybyids],methods=[POST]}" onto public boolean cn.com.sharinglife.controller.liferecord.ArticleController.recoveryArticleByIds(java.util.List<java.lang.Integer>)
2018-05-28 14:24:27.593 13660 [restartedMain] INFO o.s.w.s.m.m.a.RequestMappingHandlerMapping - Mapped "{[/sl/api/article/listbyuserid],methods=[GET]}" onto public cn.com.sharinglife.pojo.responsedata.PageResponse cn.com.sharinglife.controller.liferecord.ArticleController.getAllArticlesByUserId(javax.servlet.http.HttpSession,javax.servlet.http.HttpServletResponse,java.lang.Integer,int,int)
2018-05-28 14:24:27.593 13660 [restartedMain] INFO o.s.w.s.m.m.a.RequestMappingHandlerMapping - Mapped "{[/sl/api/article/thoroughdeletebyids],methods=[POST]}" onto public boolean cn.com.sharinglife.controller.liferecord.ArticleController.thoroughDeleteArticleByIds(java.util.List<java.lang.Integer>)
2018-05-28 14:24:27.593 13660 [restartedMain] INFO o.s.w.s.m.m.a.RequestMappingHandlerMapping - Mapped "{[/sl/api/article/list],methods=[GET]}" onto public cn.com.sharinglife.pojo.responsedata.PageResponse cn.com.sharinglife.controller.liferecord.ArticleController.listArticles(int,int)
2018-05-28 14:24:27.593 13660 [restartedMain] INFO o.s.w.s.m.m.a.RequestMappingHandlerMapping - Mapped "{[/sl/api/article/getbyid/{articleId}],methods=[GET]}" onto public cn.com.sharinglife.pojo.vo.ArticleVo cn.com.sharinglife.controller.liferecord.ArticleController.getArticleById(java.lang.Integer)
2018-05-28 14:24:27.594 13661 [restartedMain] INFO o.s.w.s.m.m.a.RequestMappingHandlerMapping - Mapped "{[/sl/api/article/update],methods=[POST]}" onto public java.lang.Integer cn.com.sharinglife.controller.liferecord.ArticleController.updateArticle(javax.servlet.http.HttpServletRequest,cn.com.sharinglife.pojo.Article)
2018-05-28 14:24:27.594 13661 [restartedMain] INFO o.s.w.s.m.m.a.RequestMappingHandlerMapping - Mapped "{[/sl/api/article/add],methods=[POST]}" onto public java.lang.Integer cn.com.sharinglife.controller.liferecord.ArticleController.addArticle(javax.servlet.http.HttpSession,cn.com.sharinglife.pojo.Article)
2018-05-28 14:24:27.594 13661 [restartedMain] INFO o.s.w.s.m.m.a.RequestMappingHandlerMapping - Mapped "{[/sl/api/like/add],methods=[GET]}" onto public boolean cn.com.sharinglife.controller.LikesController.addLike(javax.servlet.http.HttpSession,java.lang.Integer,java.lang.Integer)
2018-05-28 14:24:27.595 13662 [restartedMain] INFO o.s.w.s.m.m.a.RequestMappingHandlerMapping - Mapped "{[/sl/api/like/delete],methods=[GET]}" onto public boolean cn.com.sharinglife.controller.LikesController.deleteLike(javax.servlet.http.HttpSession,java.lang.Integer,java.lang.Integer)
2018-05-28 14:24:27.596 13663 [restartedMain] INFO o.s.w.s.m.m.a.RequestMappingHandlerMapping - Mapped "{[/sl/api/lr/register],methods=[POST]}" onto public boolean cn.com.sharinglife.controller.LoginRegisterController.register(javax.servlet.http.HttpServletResponse,cn.com.sharinglife.pojo.requestdata.RegisterRequest)
2018-05-28 14:24:27.597 13664 [restartedMain] INFO o.s.w.s.m.m.a.RequestMappingHandlerMapping - Mapped "{[/sl/api/lr/isexistname],methods=[GET]}" onto public boolean cn.com.sharinglife.controller.LoginRegisterController.isExistName(javax.servlet.http.HttpServletResponse,java.lang.String)
2018-05-28 14:24:27.599 13666 [restartedMain] INFO o.s.w.s.m.m.a.RequestMappingHandlerMapping - Mapped "{[/sl/api/lr/getverifycode],methods=[GET]}" onto public java.util.Map cn.com.sharinglife.controller.LoginRegisterController.getVerifyCode(javax.servlet.http.HttpServletRequest,javax.servlet.http.HttpSession)
2018-05-28 14:24:27.599 13666 [restartedMain] INFO o.s.w.s.m.m.a.RequestMappingHandlerMapping - Mapped "{[/sl/api/lr/logout],methods=[GET]}" onto public void cn.com.sharinglife.controller.LoginRegisterController.logout(javax.servlet.http.HttpSession)
2018-05-28 14:24:27.599 13666 [restartedMain] INFO o.s.w.s.m.m.a.RequestMappingHandlerMapping - Mapped "{[/sl/api/lr/isexistpho],methods=[GET]}" onto public boolean cn.com.sharinglife.controller.LoginRegisterController.isExistPhone(javax.servlet.http.HttpServletResponse,java.lang.String)
2018-05-28 14:24:27.600 13667 [restartedMain] INFO o.s.w.s.m.m.a.RequestMappingHandlerMapping - Mapped "{[/sl/api/lr/login],methods=[POST]}" onto public cn.com.sharinglife.pojo.responsedata.CommonResponse<cn.com.sharinglife.pojo.User> cn.com.sharinglife.controller.LoginRegisterController.login(javax.servlet.http.HttpServletResponse,javax.servlet.http.HttpServletRequest,javax.servlet.http.HttpSession,cn.com.sharinglife.pojo.requestdata.LoginRequest)
2018-05-28 14:24:27.600 13667 [restartedMain] INFO o.s.w.s.m.m.a.RequestMappingHandlerMapping - Mapped "{[/sl/api/mail/send],methods=[GET]}" onto public boolean cn.com.sharinglife.controller.MailController.sendSimpleMail()
2018-05-28 14:24:27.604 13671 [restartedMain] INFO o.s.w.s.m.m.a.RequestMappingHandlerMapping - Mapped "{[/home],methods=[GET]}" onto public java.lang.String cn.com.sharinglife.controller.UserController.home(java.lang.String) throws java.lang.InterruptedException
2018-05-28 14:24:27.604 13671 [restartedMain] INFO o.s.w.s.m.m.a.RequestMappingHandlerMapping - Mapped "{[/sl/api/user/followtome],methods=[GET]}" onto public java.util.List<cn.com.sharinglife.pojo.User> cn.com.sharinglife.controller.UserController.getFollowToMeUsers(java.lang.Integer)
2018-05-28 14:24:27.604 13671 [restartedMain] INFO o.s.w.s.m.m.a.RequestMappingHandlerMapping - Mapped "{[/sl/api/user/update],methods=[POST]}" onto public cn.com.sharinglife.pojo.responsedata.CommonResponse<cn.com.sharinglife.pojo.User> cn.com.sharinglife.controller.UserController.updateUser(javax.servlet.http.HttpSession,cn.com.sharinglife.pojo.User)
2018-05-28 14:24:27.605 13672 [restartedMain] INFO o.s.w.s.m.m.a.RequestMappingHandlerMapping - Mapped "{[/sl/api/user/list],methods=[GET]}" onto public com.github.pagehelper.PageInfo<cn.com.sharinglife.pojo.User> cn.com.sharinglife.controller.UserController.getUsers(int,int)
2018-05-28 14:24:27.605 13672 [restartedMain] INFO o.s.w.s.m.m.a.RequestMappingHandlerMapping - Mapped "{[/sl/api/user/modifypassword],methods=[GET]}" onto public cn.com.sharinglife.pojo.responsedata.CommonResponse cn.com.sharinglife.controller.UserController.modifyPassword(javax.servlet.http.HttpSession,java.lang.String)
2018-05-28 14:24:27.605 13672 [restartedMain] INFO o.s.w.s.m.m.a.RequestMappingHandlerMapping - Mapped "{[/sl/api/user/addfollower],methods=[GET]}" onto public cn.com.sharinglife.pojo.responsedata.CommonResponse cn.com.sharinglife.controller.UserController.addFollower(javax.servlet.http.HttpSession,java.lang.Integer)
2018-05-28 14:24:27.605 13672 [restartedMain] INFO o.s.w.s.m.m.a.RequestMappingHandlerMapping - Mapped "{[/sl/api/user/deletefollower],methods=[GET]}" onto public cn.com.sharinglife.pojo.responsedata.CommonResponse cn.com.sharinglife.controller.UserController.deleteFollower(java.lang.Integer,java.lang.Integer)
2018-05-28 14:24:27.606 13673 [restartedMain] INFO o.s.w.s.m.m.a.RequestMappingHandlerMapping - Mapped "{[/sl/api/user/myfollow],methods=[GET]}" onto public java.util.List<cn.com.sharinglife.pojo.User> cn.com.sharinglife.controller.UserController.getMyFollowUsers(java.lang.Integer)
2018-05-28 14:24:27.606 13673 [restartedMain] INFO o.s.w.s.m.m.a.RequestMappingHandlerMapping - Mapped "{[/sl/api/user/setavatar],methods=[POST]}" onto public java.lang.String cn.com.sharinglife.controller.UserController.setUserAvatar(javax.servlet.http.HttpSession,javax.servlet.http.HttpServletResponse,org.springframework.web.multipart.MultipartFile)
2018-05-28 14:24:27.606 13673 [restartedMain] INFO o.s.w.s.m.m.a.RequestMappingHandlerMapping - Mapped "{[/sl/api/user/getbyid/{id}],methods=[GET]}" onto public cn.com.sharinglife.pojo.User cn.com.sharinglife.controller.UserController.getUserById(javax.servlet.http.HttpServletResponse,java.lang.Integer)
2018-05-28 14:24:27.606 13673 [restartedMain] INFO o.s.w.s.m.m.a.RequestMappingHandlerMapping - Mapped "{[/v2/api-docs],methods=[GET],produces=[application/json || application/hal+json]}" onto public org.springframework.http.ResponseEntity<springfox.documentation.spring.web.json.Json> springfox.documentation.swagger2.web.Swagger2Controller.getDocumentation(java.lang.String,javax.servlet.http.HttpServletRequest)
2018-05-28 14:24:27.609 13676 [restartedMain] INFO o.s.w.s.m.m.a.RequestMappingHandlerMapping - Mapped "{[/swagger-resources]}" onto org.springframework.http.ResponseEntity<java.util.List<springfox.documentation.swagger.web.SwaggerResource>> springfox.documentation.swagger.web.ApiResourceController.swaggerResources()
2018-05-28 14:24:27.610 13677 [restartedMain] INFO o.s.w.s.m.m.a.RequestMappingHandlerMapping - Mapped "{[/swagger-resources/configuration/ui]}" onto org.springframework.http.ResponseEntity<springfox.documentation.swagger.web.UiConfiguration> springfox.documentation.swagger.web.ApiResourceController.uiConfiguration()
2018-05-28 14:24:27.611 13678 [restartedMain] INFO o.s.w.s.m.m.a.RequestMappingHandlerMapping - Mapped "{[/swagger-resources/configuration/security]}" onto org.springframework.http.ResponseEntity<springfox.documentation.swagger.web.SecurityConfiguration> springfox.documentation.swagger.web.ApiResourceController.securityConfiguration()
2018-05-28 14:24:27.612 13679 [restartedMain] INFO o.s.w.s.m.m.a.RequestMappingHandlerMapping - Mapped "{[/hystrix/{path}]}" onto public java.lang.String org.springframework.cloud.netflix.hystrix.dashboard.HystrixDashboardController.monitor(java.lang.String,org.springframework.ui.Model,org.springframework.web.context.request.WebRequest)
2018-05-28 14:24:27.613 13680 [restartedMain] INFO o.s.w.s.m.m.a.RequestMappingHandlerMapping - Mapped "{[/hystrix]}" onto public java.lang.String org.springframework.cloud.netflix.hystrix.dashboard.HystrixDashboardController.home(org.springframework.ui.Model,org.springframework.web.context.request.WebRequest)
2018-05-28 14:24:27.615 13682 [restartedMain] INFO o.s.w.s.m.m.a.RequestMappingHandlerMapping - Mapped "{[/error]}" onto public org.springframework.http.ResponseEntity<java.util.Map<java.lang.String, java.lang.Object>> org.springframework.boot.autoconfigure.web.BasicErrorController.error(javax.servlet.http.HttpServletRequest)
2018-05-28 14:24:27.616 13683 [restartedMain] INFO o.s.w.s.m.m.a.RequestMappingHandlerMapping - Mapped "{[/error],produces=[text/html]}" onto public org.springframework.web.servlet.ModelAndView org.springframework.boot.autoconfigure.web.BasicErrorController.errorHtml(javax.servlet.http.HttpServletRequest,javax.servlet.http.HttpServletResponse)
2018-05-28 14:24:27.683 13750 [restartedMain] INFO c.n.c.s.URLConfigurationSource - To enable URLs as dynamic configuration sources, define System property archaius.configurationSource.additionalUrls or make config.properties available on classpath.
2018-05-28 14:24:27.694 13761 [restartedMain] INFO c.n.config.DynamicPropertyFactory - DynamicPropertyFactory is initialized with configuration sources: com.netflix.config.ConcurrentCompositeConfiguration@52f84d81
2018-05-28 14:24:29.443 15510 [restartedMain] INFO org.mongodb.driver.cluster - Cluster created with settings {hosts=[localhost:27017], mode=SINGLE, requiredClusterType=UNKNOWN, serverSelectionTimeout='30000 ms', maxWaitQueueSize=500}
2018-05-28 14:24:30.258 16325 [restartedMain] INFO org.elasticsearch.node - [Silly Seal] version[2.4.6], pid[3780], build[5376dca/2017-07-18T12:17:44Z]
2018-05-28 14:24:30.258 16325 [restartedMain] INFO org.elasticsearch.node - [Silly Seal] initializing ...
2018-05-28 14:24:30.273 16340 [restartedMain] INFO org.elasticsearch.plugins - [Silly Seal] modules [], plugins [], sites []
2018-05-28 14:24:30.372 16439 [restartedMain] INFO org.elasticsearch.env - [Silly Seal] using [1] data paths, mounts [[项目盘 (G:)]], net usable_space [196.6gb], net total_space [203.9gb], spins? [unknown], types [NTFS]
2018-05-28 14:24:30.373 16440 [restartedMain] INFO org.elasticsearch.env - [Silly Seal] heap size [1.7gb], compressed ordinary object pointers [true]
2018-05-28 14:24:30.509 16576 [cluster-ClusterId{value='5b0ba09d4be34e0ec4897a37', description='null'}-localhost:27017] INFO org.mongodb.driver.cluster - Exception in monitor thread while connecting to server localhost:27017
com.mongodb.MongoSocketOpenException: Exception opening socket
	at com.mongodb.connection.SocketStream.open(SocketStream.java:63)
	at com.mongodb.connection.InternalStreamConnection.open(InternalStreamConnection.java:115)
	at com.mongodb.connection.DefaultServerMonitor$ServerMonitorRunnable.run(DefaultServerMonitor.java:113)
	at java.lang.Thread.run(Thread.java:745)
Caused by: java.net.ConnectException: Connection refused: connect
	at java.net.DualStackPlainSocketImpl.waitForConnect(Native Method)
	at java.net.DualStackPlainSocketImpl.socketConnect(DualStackPlainSocketImpl.java:85)
	at java.net.AbstractPlainSocketImpl.doConnect(AbstractPlainSocketImpl.java:350)
	at java.net.AbstractPlainSocketImpl.connectToAddress(AbstractPlainSocketImpl.java:206)
	at java.net.AbstractPlainSocketImpl.connect(AbstractPlainSocketImpl.java:188)
	at java.net.PlainSocketImpl.connect(PlainSocketImpl.java:172)
	at java.net.SocksSocketImpl.connect(SocksSocketImpl.java:392)
	at java.net.Socket.connect(Socket.java:589)
	at com.mongodb.connection.SocketStreamHelper.initialize(SocketStreamHelper.java:57)
	at com.mongodb.connection.SocketStream.open(SocketStream.java:58)
	... 3 common frames omitted
2018-05-28 14:24:34.366 20433 [restartedMain] INFO org.elasticsearch.node - [Silly Seal] initialized
2018-05-28 14:24:34.366 20433 [restartedMain] INFO org.elasticsearch.node - [Silly Seal] starting ...
2018-05-28 14:24:34.369 20436 [restartedMain] INFO org.elasticsearch.transport - [Silly Seal] publish_address {local[1]}, bound_addresses {local[1]}
2018-05-28 14:24:34.378 20445 [restartedMain] INFO org.elasticsearch.discovery - [Silly Seal] elasticsearch/yO1D3RYHSuCdz--ebRFzVA
2018-05-28 14:24:34.393 20460 [elasticsearch[Silly Seal][clusterService#updateTask][T#1]] INFO org.elasticsearch.cluster.service - [Silly Seal] new_master {Silly Seal}{yO1D3RYHSuCdz--ebRFzVA}{local}{local[1]}{local=true}, reason: local-disco-initial_connect(master)
2018-05-28 14:24:34.402 20469 [restartedMain] INFO org.elasticsearch.node - [Silly Seal] started
2018-05-28 14:24:34.514 20581 [elasticsearch[Silly Seal][clusterService#updateTask][T#1]] INFO org.elasticsearch.gateway - [Silly Seal] recovered [0] indices into cluster_state
2018-05-28 14:24:35.389 21456 [restartedMain] INFO o.s.b.a.e.m.EndpointHandlerMapping - Mapped "{[/loggers/{name:.*}],methods=[GET],produces=[application/vnd.spring-boot.actuator.v1+json || application/json]}" onto public java.lang.Object org.springframework.boot.actuate.endpoint.mvc.LoggersMvcEndpoint.get(java.lang.String)
2018-05-28 14:24:35.389 21456 [restartedMain] INFO o.s.b.a.e.m.EndpointHandlerMapping - Mapped "{[/loggers/{name:.*}],methods=[POST],consumes=[application/vnd.spring-boot.actuator.v1+json || application/json],produces=[application/vnd.spring-boot.actuator.v1+json || application/json]}" onto public java.lang.Object org.springframework.boot.actuate.endpoint.mvc.LoggersMvcEndpoint.set(java.lang.String,java.util.Map<java.lang.String, java.lang.String>)
2018-05-28 14:24:35.389 21456 [restartedMain] INFO o.s.b.a.e.m.EndpointHandlerMapping - Mapped "{[/loggers || /loggers.json],methods=[GET],produces=[application/vnd.spring-boot.actuator.v1+json || application/json]}" onto public java.lang.Object org.springframework.boot.actuate.endpoint.mvc.EndpointMvcAdapter.invoke()
2018-05-28 14:24:35.390 21457 [restartedMain] INFO o.s.b.a.e.m.EndpointHandlerMapping - Mapped "{[/auditevents || /auditevents.json],methods=[GET],produces=[application/vnd.spring-boot.actuator.v1+json || application/json]}" onto public org.springframework.http.ResponseEntity<?> org.springframework.boot.actuate.endpoint.mvc.AuditEventsMvcEndpoint.findByPrincipalAndAfterAndType(java.lang.String,java.util.Date,java.lang.String)
2018-05-28 14:24:35.391 21458 [restartedMain] INFO o.s.b.a.e.m.EndpointHandlerMapping - Mapped "{[/features || /features.json],methods=[GET],produces=[application/vnd.spring-boot.actuator.v1+json || application/json]}" onto public java.lang.Object org.springframework.boot.actuate.endpoint.mvc.EndpointMvcAdapter.invoke()
2018-05-28 14:24:35.391 21458 [restartedMain] INFO o.s.b.a.e.m.EndpointHandlerMapping - Mapped "{[/configprops || /configprops.json],methods=[GET],produces=[application/vnd.spring-boot.actuator.v1+json || application/json]}" onto public java.lang.Object org.springframework.boot.actuate.endpoint.mvc.EndpointMvcAdapter.invoke()
2018-05-28 14:24:35.391 21458 [restartedMain] INFO o.s.b.a.e.m.EndpointHandlerMapping - Mapped "{[/refresh || /refresh.json],methods=[POST]}" onto public java.lang.Object org.springframework.cloud.endpoint.GenericPostableMvcEndpoint.invoke()
2018-05-28 14:24:35.392 21459 [restartedMain] INFO o.s.b.a.e.m.EndpointHandlerMapping - Mapped "{[/env],methods=[POST]}" onto public java.lang.Object org.springframework.cloud.context.environment.EnvironmentManagerMvcEndpoint.value(java.util.Map<java.lang.String, java.lang.String>)
2018-05-28 14:24:35.392 21459 [restartedMain] INFO o.s.b.a.e.m.EndpointHandlerMapping - Mapped "{[/env/reset],methods=[POST]}" onto public java.util.Map<java.lang.String, java.lang.Object> org.springframework.cloud.context.environment.EnvironmentManagerMvcEndpoint.reset()
2018-05-28 14:24:35.393 21460 [restartedMain] INFO o.s.b.a.e.m.EndpointHandlerMapping - Mapped "{[/archaius || /archaius.json],methods=[GET],produces=[application/vnd.spring-boot.actuator.v1+json || application/json]}" onto public java.lang.Object org.springframework.boot.actuate.endpoint.mvc.EndpointMvcAdapter.invoke()
2018-05-28 14:24:35.393 21460 [restartedMain] INFO o.s.b.a.e.m.EndpointHandlerMapping - Mapped "{[/info || /info.json],methods=[GET],produces=[application/vnd.spring-boot.actuator.v1+json || application/json]}" onto public java.lang.Object org.springframework.boot.actuate.endpoint.mvc.EndpointMvcAdapter.invoke()
2018-05-28 14:24:35.394 21461 [restartedMain] INFO o.s.b.a.e.m.EndpointHandlerMapping - Mapped "{[/metrics/{name:.*}],methods=[GET],produces=[application/vnd.spring-boot.actuator.v1+json || application/json]}" onto public java.lang.Object org.springframework.boot.actuate.endpoint.mvc.MetricsMvcEndpoint.value(java.lang.String)
2018-05-28 14:24:35.394 21461 [restartedMain] INFO o.s.b.a.e.m.EndpointHandlerMapping - Mapped "{[/metrics || /metrics.json],methods=[GET],produces=[application/vnd.spring-boot.actuator.v1+json || application/json]}" onto public java.lang.Object org.springframework.boot.actuate.endpoint.mvc.EndpointMvcAdapter.invoke()
2018-05-28 14:24:35.395 21462 [restartedMain] INFO o.s.b.a.e.m.EndpointHandlerMapping - Mapped "{[/health || /health.json],methods=[GET],produces=[application/vnd.spring-boot.actuator.v1+json || application/json]}" onto public java.lang.Object org.springframework.boot.actuate.endpoint.mvc.HealthMvcEndpoint.invoke(javax.servlet.http.HttpServletRequest,java.security.Principal)
2018-05-28 14:24:35.396 21463 [restartedMain] INFO o.s.b.a.e.m.EndpointHandlerMapping - Mapped "{[/mappings || /mappings.json],methods=[GET],produces=[application/vnd.spring-boot.actuator.v1+json || application/json]}" onto public java.lang.Object org.springframework.boot.actuate.endpoint.mvc.EndpointMvcAdapter.invoke()
2018-05-28 14:24:35.396 21463 [restartedMain] INFO o.s.b.a.e.m.EndpointHandlerMapping - Mapped "{[/trace || /trace.json],methods=[GET],produces=[application/vnd.spring-boot.actuator.v1+json || application/json]}" onto public java.lang.Object org.springframework.boot.actuate.endpoint.mvc.EndpointMvcAdapter.invoke()
2018-05-28 14:24:35.396 21463 [restartedMain] INFO o.s.b.a.e.m.EndpointHandlerMapping - Mapped "{[/hystrix.stream/**]}" onto public org.springframework.web.servlet.ModelAndView org.springframework.cloud.netflix.endpoint.ServletWrappingEndpoint.handle(javax.servlet.http.HttpServletRequest,javax.servlet.http.HttpServletResponse) throws java.lang.Exception
2018-05-28 14:24:35.397 21464 [restartedMain] INFO o.s.b.a.e.m.EndpointHandlerMapping - Mapped "{[/env/{name:.*}],methods=[GET],produces=[application/vnd.spring-boot.actuator.v1+json || application/json]}" onto public java.lang.Object org.springframework.boot.actuate.endpoint.mvc.EnvironmentMvcEndpoint.value(java.lang.String)
2018-05-28 14:24:35.397 21464 [restartedMain] INFO o.s.b.a.e.m.EndpointHandlerMapping - Mapped "{[/env || /env.json],methods=[GET],produces=[application/vnd.spring-boot.actuator.v1+json || application/json]}" onto public java.lang.Object org.springframework.boot.actuate.endpoint.mvc.EndpointMvcAdapter.invoke()
2018-05-28 14:24:35.399 21466 [restartedMain] INFO o.s.b.a.e.m.EndpointHandlerMapping - Mapped "{[/service-registry/instance-status],methods=[POST]}" onto public org.springframework.http.ResponseEntity<?> org.springframework.cloud.client.serviceregistry.endpoint.ServiceRegistryEndpoint.setStatus(java.lang.String)
2018-05-28 14:24:35.399 21466 [restartedMain] INFO o.s.b.a.e.m.EndpointHandlerMapping - Mapped "{[/service-registry/instance-status],methods=[GET]}" onto public org.springframework.http.ResponseEntity org.springframework.cloud.client.serviceregistry.endpoint.ServiceRegistryEndpoint.getStatus()
2018-05-28 14:24:35.399 21466 [restartedMain] INFO o.s.b.a.e.m.EndpointHandlerMapping - Mapped "{[/beans || /beans.json],methods=[GET],produces=[application/vnd.spring-boot.actuator.v1+json || application/json]}" onto public java.lang.Object org.springframework.boot.actuate.endpoint.mvc.EndpointMvcAdapter.invoke()
2018-05-28 14:24:35.399 21466 [restartedMain] INFO o.s.b.a.e.m.EndpointHandlerMapping - Mapped "{[/dump || /dump.json],methods=[GET],produces=[application/vnd.spring-boot.actuator.v1+json || application/json]}" onto public java.lang.Object org.springframework.boot.actuate.endpoint.mvc.EndpointMvcAdapter.invoke()
2018-05-28 14:24:35.400 21467 [restartedMain] INFO o.s.b.a.e.m.EndpointHandlerMapping - Mapped "{[/autoconfig || /autoconfig.json],methods=[GET],produces=[application/vnd.spring-boot.actuator.v1+json || application/json]}" onto public java.lang.Object org.springframework.boot.actuate.endpoint.mvc.EndpointMvcAdapter.invoke()
2018-05-28 14:24:35.401 21468 [restartedMain] INFO o.s.b.a.e.m.EndpointHandlerMapping - Mapped "{[/heapdump || /heapdump.json],methods=[GET],produces=[application/octet-stream]}" onto public void org.springframework.boot.actuate.endpoint.mvc.HeapdumpMvcEndpoint.invoke(boolean,javax.servlet.http.HttpServletRequest,javax.servlet.http.HttpServletResponse) throws java.io.IOException,javax.servlet.ServletException
2018-05-28 14:24:35.851 21918 [restartedMain] INFO o.s.u.f.SpringTemplateLoader - SpringTemplateLoader for FreeMarker: using resource loader [org.springframework.boot.context.embedded.AnnotationConfigEmbeddedWebApplicationContext@dda0614: startup date [Mon May 28 14:24:16 CST 2018]; parent: org.springframework.context.annotation.AnnotationConfigApplicationContext@4ed258ad] and template loader path [classpath:/templates/]
2018-05-28 14:24:35.852 21919 [restartedMain] INFO o.s.w.s.v.f.FreeMarkerConfigurer - ClassTemplateLoader for Spring macros added to FreeMarker configuration
2018-05-28 14:24:36.218 22285 [restartedMain] INFO c.n.c.s.URLConfigurationSource - To enable URLs as dynamic configuration sources, define System property archaius.configurationSource.additionalUrls or make config.properties available on classpath.
